flappyBluetooth/build/intermediates/manifest_merge_blame_file/debug/manifest-merger-blame-debug-report.txt
1<?xml version="1.0" encoding="utf-8"?>
2<manifest xmlns:android="http://schemas.android.com/apk/res/android"
3    package="com.cpen391.flappybluetooth"
4    android:versionCode="1"
5    android:versionName="1.0.0" >
6
7    <uses-sdk
8        android:minSdkVersion="26"
8-->src\main\AndroidManifest.xml
9        android:targetSdkVersion="28" />
9-->src\main\AndroidManifest.xml
10    <!-- permissions for bluetooth connection module -->
11    <uses-permission android:name="android.permission.BLUETOOTH" />
11-->src\main\AndroidManifest.xml:5:5-68
11-->src\main\AndroidManifest.xml:5:22-65
12    <uses-permission android:name="android.permission.BLUETOOTH_ADMIN" /> <!-- <uses-permission android:name="android.permission.BLUETOOTH_PRIVILEGED"/> -->
12-->src\main\AndroidManifest.xml:6:5-74
12-->src\main\AndroidManifest.xml:6:22-71
13    <!-- permission to access user's location -->
14    <uses-permission android:name="android.permission.ACCESS_FINE_LOCATION" />
14-->src\main\AndroidManifest.xml:8:5-79
14-->src\main\AndroidManifest.xml:8:22-76
15    <uses-permission android:name="android.permission.ACCESS_COARSE_LOCATION" />
15-->src\main\AndroidManifest.xml:9:5-81
15-->src\main\AndroidManifest.xml:9:22-78
16
17    <application>
17-->src\main\AndroidManifest.xml:11:5-16:19
18        <activity
18-->src\main\AndroidManifest.xml:12:9-15:20
19            android:name="com.cpen391.flappybluetooth.activity.MainActivity"
19-->src\main\AndroidManifest.xml:12:19-56
20            android:configChanges="orientation"
20-->src\main\AndroidManifest.xml:13:13-48
21            android:screenOrientation="portrait" >
21-->src\main\AndroidManifest.xml:14:13-49
22        </activity>
23    </application>
24
25</manifest>